<?xml version="1.0" encoding="UTF-8"?>
<!-- Generated by org.testng.reporters.JUnitXMLReporter -->
<testsuite ignored="0" hostname="Santosh-Nagargoje" failures="1" tests="1" name="Default test(failed)(failed)(failed)" time="0.031" errors="0" timestamp="2023-01-08T11:11:14 IST">
  <testcase classname="TestNgProgram.ParameterSum" name="addition" time="0.0">
    <failure type="org.testng.TestNGException" message="
Parameter &amp;apos;a&amp;apos; is required by @Test on method addition but has not been marked @Optional or defined
in C:\Users\Santosh Naghargoje\eclipse-workspace\TestNG\test-output\Failed suite [Failed suite [Default suite]]\testng-failed.xml">
      <![CDATA[org.testng.TestNGException: 
Parameter 'a' is required by @Test on method addition but has not been marked @Optional or defined
in C:\Users\Santosh Naghargoje\eclipse-workspace\TestNG\test-output\Failed suite [Failed suite [Default suite]]\testng-failed.xml
at java.base/java.util.ArrayList.forEach(ArrayList.java:1511)
... Removed 26 stack frames]]>
    </failure>
  </testcase> <!-- addition -->
</testsuite> <!-- Default test(failed)(failed)(failed) -->
